[ 2017-05-09T14:13:07+08:00 ] 127.0.0.1 /
INFO: [ app_init ] --START--
INFO: Run Behavior\BuildLiteBehavior [ RunTime:0.000000s ]
INFO: Run Common\Behavior\InitHookBehavior [ RunTime:0.034000s ]
INFO: [ app_init ] --END-- [ RunTime:0.036000s ]
INFO: [ app_begin ] --START--
INFO: Run Behavior\ReadHtmlCacheBehavior [ RunTime:0.002000s ]
INFO: [ app_begin ] --END-- [ RunTime:0.002000s ]
SQL: SELECT `value` FROM `wp_config` WHERE ( name="FOLLOW_YOUKE_UID" ) LIMIT 1   [ RunTime:0.0120s ]
SQL: UPDATE `wp_config` SET `value`='-59' WHERE ( name="FOLLOW_YOUKE_UID" ) [ RunTime:0.0000s ]
NOTIC: [8] Undefined index: uid E:\platform\weiphp\ThinkPHP\Library\Think\Controller.class.php 第 524 行.
SQL: SHOW COLUMNS FROM `wp_auth_group_access` [ RunTime:0.0190s ]
SQL: SELECT a.uid,a.group_id,g.title,g.rules FROM wp_auth_group_access a INNER JOIN wp_auth_group g on a.group_id=g.id  WHERE ( a.uid='-59' and g.status='1' )  [ RunTime:0.0120s ]
SQL: SELECT `id`,`token` FROM `wp_public`  [ RunTime:0.0140s ]
NOTIC: [8] Undefined offset: -1 E:\platform\weiphp\Application\Common\Model\PublicModel.class.php 第 38 行.
NOTIC: [8] Undefined index: addon_status E:\platform\weiphp\Application\Common\Model\AddonStatusModel.class.php 第 47 行.
NOTIC: [8] Undefined index: group_id E:\platform\weiphp\Application\Common\Model\AddonStatusModel.class.php 第 50 行.
NOTIC: [8] Undefined variable: addons E:\platform\weiphp\Application\Common\Common\function.php 第 501 行.
NOTIC: [8] Undefined variable: addons E:\platform\weiphp\Application\Common\Common\function.php 第 501 行.
NOTIC: [8] Undefined variable: addons E:\platform\weiphp\Application\Common\Common\function.php 第 501 行.
NOTIC: [8] Undefined variable: addons E:\platform\weiphp\Application\Common\Common\function.php 第 501 行.
NOTIC: [8] Undefined variable: addons E:\platform\weiphp\Application\Common\Common\function.php 第 501 行.
NOTIC: [8] Undefined variable: addons E:\platform\weiphp\Application\Common\Common\function.php 第 501 行.
NOTIC: [8] Undefined variable: addons E:\platform\weiphp\Application\Common\Common\function.php 第 501 行.
NOTIC: [8] Undefined variable: addons E:\platform\weiphp\Application\Common\Common\function.php 第 501 行.
NOTIC: [8] Undefined variable: addons E:\platform\weiphp\Application\Common\Common\function.php 第 501 行.
NOTIC: [8] Undefined variable: addons E:\platform\weiphp\Application\Common\Common\function.php 第 501 行.
NOTIC: [8] Undefined variable: addons E:\platform\weiphp\Application\Common\Common\function.php 第 501 行.
NOTIC: [8] Undefined variable: addons E:\platform\weiphp\Application\Common\Common\function.php 第 501 行.
NOTIC: [8] Undefined variable: addons E:\platform\weiphp\Application\Common\Common\function.php 第 501 行.
NOTIC: [8] Undefined variable: addons E:\platform\weiphp\Application\Common\Common\function.php 第 501 行.
NOTIC: [8] Undefined variable: addons E:\platform\weiphp\Application\Common\Common\function.php 第 501 行.
NOTIC: [8] Undefined variable: addons E:\platform\weiphp\Application\Common\Common\function.php 第 501 行.
NOTIC: [8] Undefined variable: addons E:\platform\weiphp\Application\Common\Common\function.php 第 501 行.
NOTIC: [8] Undefined variable: addons E:\platform\weiphp\Application\Common\Common\function.php 第 501 行.
NOTIC: [8] Undefined variable: addons E:\platform\weiphp\Application\Common\Common\function.php 第 501 行.
NOTIC: [8] Undefined variable: addons E:\platform\weiphp\Application\Common\Common\function.php 第 501 行.
NOTIC: [8] Undefined variable: addons E:\platform\weiphp\Application\Common\Common\function.php 第 501 行.
NOTIC: [8] Undefined variable: addons E:\platform\weiphp\Application\Common\Common\function.php 第 501 行.
NOTIC: [8] Undefined variable: addons E:\platform\weiphp\Application\Common\Common\function.php 第 501 行.
NOTIC: [8] Undefined variable: addons E:\platform\weiphp\Application\Common\Common\function.php 第 501 行.
NOTIC: [8] Undefined variable: addons E:\platform\weiphp\Application\Common\Common\function.php 第 501 行.
NOTIC: [8] Undefined variable: addons E:\platform\weiphp\Application\Common\Common\function.php 第 501 行.
NOTIC: [8] Undefined variable: addons E:\platform\weiphp\Application\Common\Common\function.php 第 501 行.
NOTIC: [8] Undefined variable: addons E:\platform\weiphp\Application\Common\Common\function.php 第 501 行.
NOTIC: [8] Undefined variable: addons E:\platform\weiphp\Application\Common\Common\function.php 第 501 行.
NOTIC: [8] Undefined variable: addons E:\platform\weiphp\Application\Common\Common\function.php 第 501 行.
NOTIC: [8] Undefined variable: addons E:\platform\weiphp\Application\Common\Common\function.php 第 501 行.
NOTIC: [8] Undefined variable: addons E:\platform\weiphp\Application\Common\Common\function.php 第 501 行.
NOTIC: [8] Undefined variable: addons E:\platform\weiphp\Application\Common\Common\function.php 第 501 行.
NOTIC: [8] Undefined variable: addons E:\platform\weiphp\Application\Common\Common\function.php 第 501 行.
NOTIC: [8] Undefined variable: addons E:\platform\weiphp\Application\Common\Common\function.php 第 501 行.
NOTIC: [8] Undefined variable: addons E:\platform\weiphp\Application\Common\Common\function.php 第 501 行.
NOTIC: [8] Undefined variable: addons E:\platform\weiphp\Application\Common\Common\function.php 第 501 行.
SQL: SELECT * FROM `wp_manager_menu` WHERE `uid` = 0 AND `is_hide` = 0 ORDER BY sort asc, id asc  [ RunTime:0.0030s ]
SQL: SELECT * FROM `wp_manager_menu` WHERE `uid` = 1 AND `is_hide` = 0 ORDER BY sort asc, id asc  [ RunTime:0.0020s ]
NOTIC: [8] Undefined variable: addons E:\platform\weiphp\Application\Common\Common\function.php 第 501 行.
NOTIC: [8] Undefined variable: addons E:\platform\weiphp\Application\Common\Common\function.php 第 501 行.
NOTIC: [8] Undefined variable: addons E:\platform\weiphp\Application\Common\Common\function.php 第 501 行.
NOTIC: [8] Undefined variable: addons E:\platform\weiphp\Application\Common\Common\function.php 第 501 行.
NOTIC: [8] Undefined variable: addons E:\platform\weiphp\Application\Common\Common\function.php 第 501 行.
NOTIC: [8] Undefined variable: addons E:\platform\weiphp\Application\Common\Common\function.php 第 501 行.
NOTIC: [8] Undefined variable: addons E:\platform\weiphp\Application\Common\Common\function.php 第 501 行.
NOTIC: [8] Undefined variable: addons E:\platform\weiphp\Application\Common\Common\function.php 第 501 行.
NOTIC: [8] Undefined variable: addons E:\platform\weiphp\Application\Common\Common\function.php 第 501 行.
NOTIC: [8] Undefined offset: 14 E:\platform\weiphp\Application\Common\Model\ManagerMenuModel.class.php 第 106 行.
NOTIC: [8] Undefined offset: 14 E:\platform\weiphp\Application\Common\Model\ManagerMenuModel.class.php 第 116 行.
NOTIC: [8] Undefined offset: 60 E:\platform\weiphp\Application\Common\Model\ManagerMenuModel.class.php 第 106 行.
NOTIC: [8] Undefined offset: 60 E:\platform\weiphp\Application\Common\Model\ManagerMenuModel.class.php 第 116 行.
NOTIC: [8] Undefined index: HTTP_REFERER E:\platform\weiphp\Application\Common\Model\ManagerMenuModel.class.php 第 139 行.
NOTIC: [8] Undefined index: side E:\platform\weiphp\Application\Common\Model\ManagerMenuModel.class.php 第 179 行.
NOTIC: [8] Undefined index: side E:\platform\weiphp\Application\Common\Model\ManagerMenuModel.class.php 第 179 行.
NOTIC: [8] Undefined index: side E:\platform\weiphp\Application\Common\Model\ManagerMenuModel.class.php 第 179 行.
NOTIC: [8] Undefined index: side E:\platform\weiphp\Application\Common\Model\ManagerMenuModel.class.php 第 179 行.
NOTIC: [8] Undefined index: side E:\platform\weiphp\Application\Common\Model\ManagerMenuModel.class.php 第 179 行.
NOTIC: [8] Undefined index: side E:\platform\weiphp\Application\Common\Model\ManagerMenuModel.class.php 第 179 行.
NOTIC: [8] Undefined index: side E:\platform\weiphp\Application\Common\Model\ManagerMenuModel.class.php 第 179 行.
NOTIC: [8] Undefined index: side E:\platform\weiphp\Application\Common\Model\ManagerMenuModel.class.php 第 179 行.
NOTIC: [8] Undefined index: side E:\platform\weiphp\Application\Common\Model\ManagerMenuModel.class.php 第 179 行.
NOTIC: [8] Undefined index: side E:\platform\weiphp\Application\Common\Model\ManagerMenuModel.class.php 第 179 行.
NOTIC: [8] Undefined index: side E:\platform\weiphp\Application\Common\Model\ManagerMenuModel.class.php 第 179 行.
NOTIC: [8] Undefined index: side E:\platform\weiphp\Application\Common\Model\ManagerMenuModel.class.php 第 179 行.
NOTIC: [8] Undefined index: side E:\platform\weiphp\Application\Common\Model\ManagerMenuModel.class.php 第 179 行.
NOTIC: [8] Undefined index: side E:\platform\weiphp\Application\Common\Model\ManagerMenuModel.class.php 第 179 行.
NOTIC: [8] Undefined index: side E:\platform\weiphp\Application\Common\Model\ManagerMenuModel.class.php 第 179 行.
NOTIC: [8] Undefined index: side E:\platform\weiphp\Application\Common\Model\ManagerMenuModel.class.php 第 179 行.
NOTIC: [8] Undefined index: side E:\platform\weiphp\Application\Common\Model\ManagerMenuModel.class.php 第 179 行.
NOTIC: [8] Undefined index: side E:\platform\weiphp\Application\Common\Model\ManagerMenuModel.class.php 第 179 行.
NOTIC: [8] Undefined index: side E:\platform\weiphp\Application\Common\Model\ManagerMenuModel.class.php 第 179 行.
NOTIC: [8] Undefined index: side E:\platform\weiphp\Application\Common\Model\ManagerMenuModel.class.php 第 179 行.
NOTIC: [8] Undefined index: side E:\platform\weiphp\Application\Common\Model\ManagerMenuModel.class.php 第 179 行.
NOTIC: [8] Undefined index: side E:\platform\weiphp\Application\Common\Model\ManagerMenuModel.class.php 第 179 行.
NOTIC: [8] Undefined index: side E:\platform\weiphp\Application\Common\Model\ManagerMenuModel.class.php 第 179 行.
NOTIC: [8] Undefined index: side E:\platform\weiphp\Application\Common\Model\ManagerMenuModel.class.php 第 179 行.
NOTIC: [8] Undefined index: side E:\platform\weiphp\Application\Common\Model\ManagerMenuModel.class.php 第 179 行.
NOTIC: [8] Undefined index: side E:\platform\weiphp\Application\Common\Model\ManagerMenuModel.class.php 第 179 行.
NOTIC: [8] Undefined index: side E:\platform\weiphp\Application\Common\Model\ManagerMenuModel.class.php 第 179 行.
NOTIC: [8] Undefined index: side E:\platform\weiphp\Application\Common\Model\ManagerMenuModel.class.php 第 179 行.
NOTIC: [8] Undefined index: side E:\platform\weiphp\Application\Common\Model\ManagerMenuModel.class.php 第 179 行.
NOTIC: [8] Undefined index: side E:\platform\weiphp\Application\Common\Model\ManagerMenuModel.class.php 第 179 行.
NOTIC: [8] Undefined index: side E:\platform\weiphp\Application\Common\Model\ManagerMenuModel.class.php 第 179 行.
NOTIC: [8] Undefined index: side E:\platform\weiphp\Application\Common\Model\ManagerMenuModel.class.php 第 179 行.
NOTIC: [8] Undefined index: side E:\platform\weiphp\Application\Common\Model\ManagerMenuModel.class.php 第 179 行.
NOTIC: [8] Undefined index: side E:\platform\weiphp\Application\Common\Model\ManagerMenuModel.class.php 第 179 行.
NOTIC: [8] Undefined index: side E:\platform\weiphp\Application\Common\Model\ManagerMenuModel.class.php 第 179 行.
NOTIC: [8] Undefined index: side E:\platform\weiphp\Application\Common\Model\ManagerMenuModel.class.php 第 179 行.
NOTIC: [8] Undefined index: side E:\platform\weiphp\Application\Common\Model\ManagerMenuModel.class.php 第 179 行.
NOTIC: [8] Undefined index: side E:\platform\weiphp\Application\Common\Model\ManagerMenuModel.class.php 第 179 行.
NOTIC: [8] Undefined index: side E:\platform\weiphp\Application\Common\Model\ManagerMenuModel.class.php 第 179 行.
NOTIC: [8] Undefined index: side E:\platform\weiphp\Application\Common\Model\ManagerMenuModel.class.php 第 179 行.
NOTIC: [8] Undefined offset: 14 E:\platform\weiphp\Application\Common\Model\ManagerMenuModel.class.php 第 185 行.
SQL: SELECT * FROM `wp_public_link` WHERE `uid` = 0  [ RunTime:0.0010s ]
NOTIC: [2] Invalid argument supplied for foreach() E:\platform\weiphp\Application\Common\Model\PublicModel.class.php 第 48 行.
NOTIC: [8] Undefined variable: res E:\platform\weiphp\Application\Common\Model\PublicModel.class.php 第 52 行.

[ 2017-05-09T14:13:07+08:00 ] 127.0.0.1 /index.php?s=/Home/User/login/from/1.html
INFO: [ app_init ] --START--
INFO: Run Behavior\BuildLiteBehavior [ RunTime:0.000000s ]
INFO: Run Common\Behavior\InitHookBehavior [ RunTime:0.002000s ]
INFO: [ app_init ] --END-- [ RunTime:0.002000s ]
INFO: [ app_begin ] --START--
INFO: Run Behavior\ReadHtmlCacheBehavior [ RunTime:0.000000s ]
INFO: [ app_begin ] --END-- [ RunTime:0.000000s ]
NOTIC: [8] Undefined index: uid E:\platform\weiphp\ThinkPHP\Library\Think\Controller.class.php 第 524 行.
SQL: SHOW COLUMNS FROM `wp_auth_group_access` [ RunTime:0.0020s ]
SQL: SELECT a.uid,a.group_id,g.title,g.rules FROM wp_auth_group_access a INNER JOIN wp_auth_group g on a.group_id=g.id  WHERE ( a.uid='-59' and g.status='1' )  [ RunTime:0.0010s ]
SQL: SELECT `id`,`token` FROM `wp_public`  [ RunTime:0.0000s ]
NOTIC: [8] Undefined offset: -1 E:\platform\weiphp\Application\Common\Model\PublicModel.class.php 第 38 行.
NOTIC: [8] Undefined index: addon_status E:\platform\weiphp\Application\Common\Model\AddonStatusModel.class.php 第 47 行.
NOTIC: [8] Undefined index: group_id E:\platform\weiphp\Application\Common\Model\AddonStatusModel.class.php 第 50 行.
NOTIC: [8] Undefined variable: addons E:\platform\weiphp\Application\Common\Common\function.php 第 501 行.
NOTIC: [8] Undefined variable: addons E:\platform\weiphp\Application\Common\Common\function.php 第 501 行.
NOTIC: [8] Undefined variable: addons E:\platform\weiphp\Application\Common\Common\function.php 第 501 行.
NOTIC: [8] Undefined variable: addons E:\platform\weiphp\Application\Common\Common\function.php 第 501 行.
NOTIC: [8] Undefined variable: addons E:\platform\weiphp\Application\Common\Common\function.php 第 501 行.
NOTIC: [8] Undefined variable: addons E:\platform\weiphp\Application\Common\Common\function.php 第 501 行.
NOTIC: [8] Undefined variable: addons E:\platform\weiphp\Application\Common\Common\function.php 第 501 行.
NOTIC: [8] Undefined variable: addons E:\platform\weiphp\Application\Common\Common\function.php 第 501 行.
NOTIC: [8] Undefined variable: addons E:\platform\weiphp\Application\Common\Common\function.php 第 501 行.
NOTIC: [8] Undefined variable: addons E:\platform\weiphp\Application\Common\Common\function.php 第 501 行.
NOTIC: [8] Undefined variable: addons E:\platform\weiphp\Application\Common\Common\function.php 第 501 行.
NOTIC: [8] Undefined variable: addons E:\platform\weiphp\Application\Common\Common\function.php 第 501 行.
NOTIC: [8] Undefined variable: addons E:\platform\weiphp\Application\Common\Common\function.php 第 501 行.
NOTIC: [8] Undefined variable: addons E:\platform\weiphp\Application\Common\Common\function.php 第 501 行.
NOTIC: [8] Undefined variable: addons E:\platform\weiphp\Application\Common\Common\function.php 第 501 行.
NOTIC: [8] Undefined variable: addons E:\platform\weiphp\Application\Common\Common\function.php 第 501 行.
NOTIC: [8] Undefined variable: addons E:\platform\weiphp\Application\Common\Common\function.php 第 501 行.
NOTIC: [8] Undefined variable: addons E:\platform\weiphp\Application\Common\Common\function.php 第 501 行.
NOTIC: [8] Undefined variable: addons E:\platform\weiphp\Application\Common\Common\function.php 第 501 行.
NOTIC: [8] Undefined variable: addons E:\platform\weiphp\Application\Common\Common\function.php 第 501 行.
NOTIC: [8] Undefined variable: addons E:\platform\weiphp\Application\Common\Common\function.php 第 501 行.
NOTIC: [8] Undefined variable: addons E:\platform\weiphp\Application\Common\Common\function.php 第 501 行.
NOTIC: [8] Undefined variable: addons E:\platform\weiphp\Application\Common\Common\function.php 第 501 行.
NOTIC: [8] Undefined variable: addons E:\platform\weiphp\Application\Common\Common\function.php 第 501 行.
NOTIC: [8] Undefined variable: addons E:\platform\weiphp\Application\Common\Common\function.php 第 501 行.
NOTIC: [8] Undefined variable: addons E:\platform\weiphp\Application\Common\Common\function.php 第 501 行.
NOTIC: [8] Undefined variable: addons E:\platform\weiphp\Application\Common\Common\function.php 第 501 行.
NOTIC: [8] Undefined variable: addons E:\platform\weiphp\Application\Common\Common\function.php 第 501 行.
NOTIC: [8] Undefined variable: addons E:\platform\weiphp\Application\Common\Common\function.php 第 501 行.
NOTIC: [8] Undefined variable: addons E:\platform\weiphp\Application\Common\Common\function.php 第 501 行.
NOTIC: [8] Undefined variable: addons E:\platform\weiphp\Application\Common\Common\function.php 第 501 行.
NOTIC: [8] Undefined variable: addons E:\platform\weiphp\Application\Common\Common\function.php 第 501 行.
NOTIC: [8] Undefined variable: addons E:\platform\weiphp\Application\Common\Common\function.php 第 501 行.
NOTIC: [8] Undefined variable: addons E:\platform\weiphp\Application\Common\Common\function.php 第 501 行.
NOTIC: [8] Undefined variable: addons E:\platform\weiphp\Application\Common\Common\function.php 第 501 行.
NOTIC: [8] Undefined variable: addons E:\platform\weiphp\Application\Common\Common\function.php 第 501 行.
NOTIC: [8] Undefined variable: addons E:\platform\weiphp\Application\Common\Common\function.php 第 501 行.
SQL: SELECT * FROM `wp_manager_menu` WHERE `uid` = -59 AND `is_hide` = 0 ORDER BY sort asc, id asc  [ RunTime:0.0010s ]
SQL: SELECT * FROM `wp_manager_menu` WHERE `uid` = 1 AND `is_hide` = 0 ORDER BY sort asc, id asc  [ RunTime:0.0000s ]
NOTIC: [8] Undefined variable: addons E:\platform\weiphp\Application\Common\Common\function.php 第 501 行.
NOTIC: [8] Undefined variable: addons E:\platform\weiphp\Application\Common\Common\function.php 第 501 行.
NOTIC: [8] Undefined variable: addons E:\platform\weiphp\Application\Common\Common\function.php 第 501 行.
NOTIC: [8] Undefined variable: addons E:\platform\weiphp\Application\Common\Common\function.php 第 501 行.
NOTIC: [8] Undefined variable: addons E:\platform\weiphp\Application\Common\Common\function.php 第 501 行.
NOTIC: [8] Undefined variable: addons E:\platform\weiphp\Application\Common\Common\function.php 第 501 行.
NOTIC: [8] Undefined variable: addons E:\platform\weiphp\Application\Common\Common\function.php 第 501 行.
NOTIC: [8] Undefined variable: addons E:\platform\weiphp\Application\Common\Common\function.php 第 501 行.
NOTIC: [8] Undefined variable: addons E:\platform\weiphp\Application\Common\Common\function.php 第 501 行.
NOTIC: [8] Undefined offset: 14 E:\platform\weiphp\Application\Common\Model\ManagerMenuModel.class.php 第 106 行.
NOTIC: [8] Undefined offset: 14 E:\platform\weiphp\Application\Common\Model\ManagerMenuModel.class.php 第 116 行.
NOTIC: [8] Undefined offset: 60 E:\platform\weiphp\Application\Common\Model\ManagerMenuModel.class.php 第 106 行.
NOTIC: [8] Undefined offset: 60 E:\platform\weiphp\Application\Common\Model\ManagerMenuModel.class.php 第 116 行.
NOTIC: [8] Undefined index: HTTP_REFERER E:\platform\weiphp\Application\Common\Model\ManagerMenuModel.class.php 第 139 行.
NOTIC: [8] Undefined index: side E:\platform\weiphp\Application\Common\Model\ManagerMenuModel.class.php 第 179 行.
NOTIC: [8] Undefined index: side E:\platform\weiphp\Application\Common\Model\ManagerMenuModel.class.php 第 179 行.
NOTIC: [8] Undefined index: side E:\platform\weiphp\Application\Common\Model\ManagerMenuModel.class.php 第 179 行.
NOTIC: [8] Undefined index: side E:\platform\weiphp\Application\Common\Model\ManagerMenuModel.class.php 第 179 行.
NOTIC: [8] Undefined index: side E:\platform\weiphp\Application\Common\Model\ManagerMenuModel.class.php 第 179 行.
NOTIC: [8] Undefined index: side E:\platform\weiphp\Application\Common\Model\ManagerMenuModel.class.php 第 179 行.
NOTIC: [8] Undefined index: side E:\platform\weiphp\Application\Common\Model\ManagerMenuModel.class.php 第 179 行.
NOTIC: [8] Undefined index: side E:\platform\weiphp\Application\Common\Model\ManagerMenuModel.class.php 第 179 行.
NOTIC: [8] Undefined index: side E:\platform\weiphp\Application\Common\Model\ManagerMenuModel.class.php 第 179 行.
NOTIC: [8] Undefined index: side E:\platform\weiphp\Application\Common\Model\ManagerMenuModel.class.php 第 179 行.
NOTIC: [8] Undefined index: side E:\platform\weiphp\Application\Common\Model\ManagerMenuModel.class.php 第 179 行.
NOTIC: [8] Undefined index: side E:\platform\weiphp\Application\Common\Model\ManagerMenuModel.class.php 第 179 行.
NOTIC: [8] Undefined index: side E:\platform\weiphp\Application\Common\Model\ManagerMenuModel.class.php 第 179 行.
NOTIC: [8] Undefined index: side E:\platform\weiphp\Application\Common\Model\ManagerMenuModel.class.php 第 179 行.
NOTIC: [8] Undefined index: side E:\platform\weiphp\Application\Common\Model\ManagerMenuModel.class.php 第 179 行.
NOTIC: [8] Undefined index: side E:\platform\weiphp\Application\Common\Model\ManagerMenuModel.class.php 第 179 行.
NOTIC: [8] Undefined index: side E:\platform\weiphp\Application\Common\Model\ManagerMenuModel.class.php 第 179 行.
NOTIC: [8] Undefined index: side E:\platform\weiphp\Application\Common\Model\ManagerMenuModel.class.php 第 179 行.
NOTIC: [8] Undefined index: side E:\platform\weiphp\Application\Common\Model\ManagerMenuModel.class.php 第 179 行.
NOTIC: [8] Undefined index: side E:\platform\weiphp\Application\Common\Model\ManagerMenuModel.class.php 第 179 行.
NOTIC: [8] Undefined index: side E:\platform\weiphp\Application\Common\Model\ManagerMenuModel.class.php 第 179 行.
NOTIC: [8] Undefined index: side E:\platform\weiphp\Application\Common\Model\ManagerMenuModel.class.php 第 179 行.
NOTIC: [8] Undefined index: side E:\platform\weiphp\Application\Common\Model\ManagerMenuModel.class.php 第 179 行.
NOTIC: [8] Undefined index: side E:\platform\weiphp\Application\Common\Model\ManagerMenuModel.class.php 第 179 行.
NOTIC: [8] Undefined index: side E:\platform\weiphp\Application\Common\Model\ManagerMenuModel.class.php 第 179 行.
NOTIC: [8] Undefined index: side E:\platform\weiphp\Application\Common\Model\ManagerMenuModel.class.php 第 179 行.
NOTIC: [8] Undefined index: side E:\platform\weiphp\Application\Common\Model\ManagerMenuModel.class.php 第 179 行.
NOTIC: [8] Undefined index: side E:\platform\weiphp\Application\Common\Model\ManagerMenuModel.class.php 第 179 行.
NOTIC: [8] Undefined index: side E:\platform\weiphp\Application\Common\Model\ManagerMenuModel.class.php 第 179 行.
NOTIC: [8] Undefined index: side E:\platform\weiphp\Application\Common\Model\ManagerMenuModel.class.php 第 179 行.
NOTIC: [8] Undefined index: side E:\platform\weiphp\Application\Common\Model\ManagerMenuModel.class.php 第 179 行.
NOTIC: [8] Undefined index: side E:\platform\weiphp\Application\Common\Model\ManagerMenuModel.class.php 第 179 行.
NOTIC: [8] Undefined index: side E:\platform\weiphp\Application\Common\Model\ManagerMenuModel.class.php 第 179 行.
NOTIC: [8] Undefined index: side E:\platform\weiphp\Application\Common\Model\ManagerMenuModel.class.php 第 179 行.
NOTIC: [8] Undefined index: side E:\platform\weiphp\Application\Common\Model\ManagerMenuModel.class.php 第 179 行.
NOTIC: [8] Undefined index: side E:\platform\weiphp\Application\Common\Model\ManagerMenuModel.class.php 第 179 行.
NOTIC: [8] Undefined index: side E:\platform\weiphp\Application\Common\Model\ManagerMenuModel.class.php 第 179 行.
NOTIC: [8] Undefined index: side E:\platform\weiphp\Application\Common\Model\ManagerMenuModel.class.php 第 179 行.
NOTIC: [8] Undefined index: side E:\platform\weiphp\Application\Common\Model\ManagerMenuModel.class.php 第 179 行.
NOTIC: [8] Undefined index: side E:\platform\weiphp\Application\Common\Model\ManagerMenuModel.class.php 第 179 行.
NOTIC: [8] Undefined offset: 14 E:\platform\weiphp\Application\Common\Model\ManagerMenuModel.class.php 第 185 行.
SQL: SELECT * FROM `wp_public_link` WHERE `uid` = -59  [ RunTime:0.0000s ]
NOTIC: [2] Invalid argument supplied for foreach() E:\platform\weiphp\Application\Common\Model\PublicModel.class.php 第 48 行.
NOTIC: [8] Undefined variable: res E:\platform\weiphp\Application\Common\Model\PublicModel.class.php 第 52 行.
SQL: SELECT `id`,`qr_code`,`addon`,`aim_id`,`cTime`,`token`,`action_name`,`extra_text`,`extra_int`,`request_count`,`scene_id`,`expire_seconds` FROM `wp_qr_code` WHERE `addon` = 'ScanLogin' AND `extra_text` = '59115df3a0e38' LIMIT 1   [ RunTime:0.0120s ]
SQL: SELECT `id`,`token` FROM `wp_public`  [ RunTime:0.0000s ]
NOTIC: [8] Undefined offset: -1 E:\platform\weiphp\Application\Common\Model\PublicModel.class.php 第 38 行.
NOTIC: [8] Undefined index: appid E:\platform\weiphp\Application\Home\Model\QrCodeModel.class.php 第 30 行.
NOTIC: [8] Undefined index: secret E:\platform\weiphp\Application\Home\Model\QrCodeModel.class.php 第 31 行.
SQL: SELECT `id`,`token` FROM `wp_public`  [ RunTime:0.0000s ]
NOTIC: [8] Undefined offset: -1 E:\platform\weiphp\Application\Common\Model\PublicModel.class.php 第 38 行.
NOTIC: [8] Undefined index: is_bind E:\platform\weiphp\Application\Common\Common\function.php 第 1586 行.
NOTIC: [8] Undefined index: appid E:\platform\weiphp\Application\Common\Common\function.php 第 1589 行.
NOTIC: [8] Undefined index: secret E:\platform\weiphp\Application\Common\Common\function.php 第 1589 行.
INFO: [ view_parse ] --START--
INFO: [ template_filter ] --START--
INFO: Run Behavior\ContentReplaceBehavior [ RunTime:0.001000s ]
INFO: [ template_filter ] --END-- [ RunTime:0.001000s ]
INFO: Run Behavior\ParseTemplateBehavior [ RunTime:0.079000s ]
INFO: [ view_parse ] --END-- [ RunTime:0.079000s ]
INFO: [ view_filter ] --START--
INFO: Run Behavior\WriteHtmlCacheBehavior [ RunTime:0.002000s ]
INFO: [ view_filter ] --END-- [ RunTime:0.002000s ]
INFO: [ app_end ] --START--
INFO: Run Behavior\ShowPageTraceBehavior [ RunTime:0.002000s ]
INFO: Run Behavior\CronRunBehavior [ RunTime:0.003000s ]
INFO: [ app_end ] --END-- [ RunTime:0.005000s ]

[ 2017-05-09T15:59:05+08:00 ] 127.0.0.1 /
INFO: [ app_init ] --START--
INFO: Run Behavior\BuildLiteBehavior [ RunTime:0.000000s ]
INFO: Run Common\Behavior\InitHookBehavior [ RunTime:0.003000s ]
INFO: [ app_init ] --END-- [ RunTime:0.003000s ]
INFO: [ app_begin ] --START--
INFO: Run Behavior\ReadHtmlCacheBehavior [ RunTime:0.001000s ]
INFO: [ app_begin ] --END-- [ RunTime:0.001000s ]
SQL: SELECT `value` FROM `wp_config` WHERE ( name="FOLLOW_YOUKE_UID" ) LIMIT 1   [ RunTime:0.0220s ]
SQL: UPDATE `wp_config` SET `value`='-60' WHERE ( name="FOLLOW_YOUKE_UID" ) [ RunTime:0.0000s ]
NOTIC: [8] Undefined index: uid E:\platform\weiphp\ThinkPHP\Library\Think\Controller.class.php 第 524 行.
SQL: SHOW COLUMNS FROM `wp_auth_group_access` [ RunTime:0.0080s ]
SQL: SELECT a.uid,a.group_id,g.title,g.rules FROM wp_auth_group_access a INNER JOIN wp_auth_group g on a.group_id=g.id  WHERE ( a.uid='-60' and g.status='1' )  [ RunTime:0.0120s ]
SQL: SELECT `id`,`token` FROM `wp_public`  [ RunTime:0.0140s ]
NOTIC: [8] Undefined offset: -1 E:\platform\weiphp\Application\Common\Model\PublicModel.class.php 第 38 行.
NOTIC: [8] Undefined index: addon_status E:\platform\weiphp\Application\Common\Model\AddonStatusModel.class.php 第 47 行.
NOTIC: [8] Undefined index: group_id E:\platform\weiphp\Application\Common\Model\AddonStatusModel.class.php 第 50 行.
NOTIC: [8] Undefined variable: addons E:\platform\weiphp\Application\Common\Common\function.php 第 501 行.
NOTIC: [8] Undefined variable: addons E:\platform\weiphp\Application\Common\Common\function.php 第 501 行.
NOTIC: [8] Undefined variable: addons E:\platform\weiphp\Application\Common\Common\function.php 第 501 行.
NOTIC: [8] Undefined variable: addons E:\platform\weiphp\Application\Common\Common\function.php 第 501 行.
NOTIC: [8] Undefined variable: addons E:\platform\weiphp\Application\Common\Common\function.php 第 501 行.
NOTIC: [8] Undefined variable: addons E:\platform\weiphp\Application\Common\Common\function.php 第 501 行.
NOTIC: [8] Undefined variable: addons E:\platform\weiphp\Application\Common\Common\function.php 第 501 行.
NOTIC: [8] Undefined variable: addons E:\platform\weiphp\Application\Common\Common\function.php 第 501 行.
NOTIC: [8] Undefined variable: addons E:\platform\weiphp\Application\Common\Common\function.php 第 501 行.
NOTIC: [8] Undefined variable: addons E:\platform\weiphp\Application\Common\Common\function.php 第 501 行.
NOTIC: [8] Undefined variable: addons E:\platform\weiphp\Application\Common\Common\function.php 第 501 行.
NOTIC: [8] Undefined variable: addons E:\platform\weiphp\Application\Common\Common\function.php 第 501 行.
NOTIC: [8] Undefined variable: addons E:\platform\weiphp\Application\Common\Common\function.php 第 501 行.
NOTIC: [8] Undefined variable: addons E:\platform\weiphp\Application\Common\Common\function.php 第 501 行.
NOTIC: [8] Undefined variable: addons E:\platform\weiphp\Application\Common\Common\function.php 第 501 行.
NOTIC: [8] Undefined variable: addons E:\platform\weiphp\Application\Common\Common\function.php 第 501 行.
NOTIC: [8] Undefined variable: addons E:\platform\weiphp\Application\Common\Common\function.php 第 501 行.
NOTIC: [8] Undefined variable: addons E:\platform\weiphp\Application\Common\Common\function.php 第 501 行.
NOTIC: [8] Undefined variable: addons E:\platform\weiphp\Application\Common\Common\function.php 第 501 行.
NOTIC: [8] Undefined variable: addons E:\platform\weiphp\Application\Common\Common\function.php 第 501 行.
NOTIC: [8] Undefined variable: addons E:\platform\weiphp\Application\Common\Common\function.php 第 501 行.
NOTIC: [8] Undefined variable: addons E:\platform\weiphp\Application\Common\Common\function.php 第 501 行.
NOTIC: [8] Undefined variable: addons E:\platform\weiphp\Application\Common\Common\function.php 第 501 行.
NOTIC: [8] Undefined variable: addons E:\platform\weiphp\Application\Common\Common\function.php 第 501 行.
NOTIC: [8] Undefined variable: addons E:\platform\weiphp\Application\Common\Common\function.php 第 501 行.
NOTIC: [8] Undefined variable: addons E:\platform\weiphp\Application\Common\Common\function.php 第 501 行.
NOTIC: [8] Undefined variable: addons E:\platform\weiphp\Application\Common\Common\function.php 第 501 行.
NOTIC: [8] Undefined variable: addons E:\platform\weiphp\Application\Common\Common\function.php 第 501 行.
NOTIC: [8] Undefined variable: addons E:\platform\weiphp\Application\Common\Common\function.php 第 501 行.
NOTIC: [8] Undefined variable: addons E:\platform\weiphp\Application\Common\Common\function.php 第 501 行.
NOTIC: [8] Undefined variable: addons E:\platform\weiphp\Application\Common\Common\function.php 第 501 行.
NOTIC: [8] Undefined variable: addons E:\platform\weiphp\Application\Common\Common\function.php 第 501 行.
NOTIC: [8] Undefined variable: addons E:\platform\weiphp\Application\Common\Common\function.php 第 501 行.
NOTIC: [8] Undefined variable: addons E:\platform\weiphp\Application\Common\Common\function.php 第 501 行.
NOTIC: [8] Undefined variable: addons E:\platform\weiphp\Application\Common\Common\function.php 第 501 行.
NOTIC: [8] Undefined variable: addons E:\platform\weiphp\Application\Common\Common\function.php 第 501 行.
NOTIC: [8] Undefined variable: addons E:\platform\weiphp\Application\Common\Common\function.php 第 501 行.
SQL: SELECT * FROM `wp_manager_menu` WHERE `uid` = 0 AND `is_hide` = 0 ORDER BY sort asc, id asc  [ RunTime:0.0030s ]
SQL: SELECT * FROM `wp_manager_menu` WHERE `uid` = 1 AND `is_hide` = 0 ORDER BY sort asc, id asc  [ RunTime:0.0020s ]
NOTIC: [8] Undefined variable: addons E:\platform\weiphp\Application\Common\Common\function.php 第 501 行.
NOTIC: [8] Undefined variable: addons E:\platform\weiphp\Application\Common\Common\function.php 第 501 行.
NOTIC: [8] Undefined variable: addons E:\platform\weiphp\Application\Common\Common\function.php 第 501 行.
NOTIC: [8] Undefined variable: addons E:\platform\weiphp\Application\Common\Common\function.php 第 501 行.
NOTIC: [8] Undefined variable: addons E:\platform\weiphp\Application\Common\Common\function.php 第 501 行.
NOTIC: [8] Undefined variable: addons E:\platform\weiphp\Application\Common\Common\function.php 第 501 行.
NOTIC: [8] Undefined variable: addons E:\platform\weiphp\Application\Common\Common\function.php 第 501 行.
NOTIC: [8] Undefined variable: addons E:\platform\weiphp\Application\Common\Common\function.php 第 501 行.
NOTIC: [8] Undefined variable: addons E:\platform\weiphp\Application\Common\Common\function.php 第 501 行.
NOTIC: [8] Undefined offset: 14 E:\platform\weiphp\Application\Common\Model\ManagerMenuModel.class.php 第 106 行.
NOTIC: [8] Undefined offset: 14 E:\platform\weiphp\Application\Common\Model\ManagerMenuModel.class.php 第 116 行.
NOTIC: [8] Undefined offset: 60 E:\platform\weiphp\Application\Common\Model\ManagerMenuModel.class.php 第 106 行.
NOTIC: [8] Undefined offset: 60 E:\platform\weiphp\Application\Common\Model\ManagerMenuModel.class.php 第 116 行.
NOTIC: [8] Undefined index: HTTP_REFERER E:\platform\weiphp\Application\Common\Model\ManagerMenuModel.class.php 第 139 行.
NOTIC: [8] Undefined index: side E:\platform\weiphp\Application\Common\Model\ManagerMenuModel.class.php 第 179 行.
NOTIC: [8] Undefined index: side E:\platform\weiphp\Application\Common\Model\ManagerMenuModel.class.php 第 179 行.
NOTIC: [8] Undefined index: side E:\platform\weiphp\Application\Common\Model\ManagerMenuModel.class.php 第 179 行.
NOTIC: [8] Undefined index: side E:\platform\weiphp\Application\Common\Model\ManagerMenuModel.class.php 第 179 行.
NOTIC: [8] Undefined index: side E:\platform\weiphp\Application\Common\Model\ManagerMenuModel.class.php 第 179 行.
NOTIC: [8] Undefined index: side E:\platform\weiphp\Application\Common\Model\ManagerMenuModel.class.php 第 179 行.
NOTIC: [8] Undefined index: side E:\platform\weiphp\Application\Common\Model\ManagerMenuModel.class.php 第 179 行.
NOTIC: [8] Undefined index: side E:\platform\weiphp\Application\Common\Model\ManagerMenuModel.class.php 第 179 行.
NOTIC: [8] Undefined index: side E:\platform\weiphp\Application\Common\Model\ManagerMenuModel.class.php 第 179 行.
NOTIC: [8] Undefined index: side E:\platform\weiphp\Application\Common\Model\ManagerMenuModel.class.php 第 179 行.
NOTIC: [8] Undefined index: side E:\platform\weiphp\Application\Common\Model\ManagerMenuModel.class.php 第 179 行.
NOTIC: [8] Undefined index: side E:\platform\weiphp\Application\Common\Model\ManagerMenuModel.class.php 第 179 行.
NOTIC: [8] Undefined index: side E:\platform\weiphp\Application\Common\Model\ManagerMenuModel.class.php 第 179 行.
NOTIC: [8] Undefined index: side E:\platform\weiphp\Application\Common\Model\ManagerMenuModel.class.php 第 179 行.
NOTIC: [8] Undefined index: side E:\platform\weiphp\Application\Common\Model\ManagerMenuModel.class.php 第 179 行.
NOTIC: [8] Undefined index: side E:\platform\weiphp\Application\Common\Model\ManagerMenuModel.class.php 第 179 行.
NOTIC: [8] Undefined index: side E:\platform\weiphp\Application\Common\Model\ManagerMenuModel.class.php 第 179 行.
NOTIC: [8] Undefined index: side E:\platform\weiphp\Application\Common\Model\ManagerMenuModel.class.php 第 179 行.
NOTIC: [8] Undefined index: side E:\platform\weiphp\Application\Common\Model\ManagerMenuModel.class.php 第 179 行.
NOTIC: [8] Undefined index: side E:\platform\weiphp\Application\Common\Model\ManagerMenuModel.class.php 第 179 行.
NOTIC: [8] Undefined index: side E:\platform\weiphp\Application\Common\Model\ManagerMenuModel.class.php 第 179 行.
NOTIC: [8] Undefined index: side E:\platform\weiphp\Application\Common\Model\ManagerMenuModel.class.php 第 179 行.
NOTIC: [8] Undefined index: side E:\platform\weiphp\Application\Common\Model\ManagerMenuModel.class.php 第 179 行.
NOTIC: [8] Undefined index: side E:\platform\weiphp\Application\Common\Model\ManagerMenuModel.class.php 第 179 行.
NOTIC: [8] Undefined index: side E:\platform\weiphp\Application\Common\Model\ManagerMenuModel.class.php 第 179 行.
NOTIC: [8] Undefined index: side E:\platform\weiphp\Application\Common\Model\ManagerMenuModel.class.php 第 179 行.
NOTIC: [8] Undefined index: side E:\platform\weiphp\Application\Common\Model\ManagerMenuModel.class.php 第 179 行.
NOTIC: [8] Undefined index: side E:\platform\weiphp\Application\Common\Model\ManagerMenuModel.class.php 第 179 行.
NOTIC: [8] Undefined index: side E:\platform\weiphp\Application\Common\Model\ManagerMenuModel.class.php 第 179 行.
NOTIC: [8] Undefined index: side E:\platform\weiphp\Application\Common\Model\ManagerMenuModel.class.php 第 179 行.
NOTIC: [8] Undefined index: side E:\platform\weiphp\Application\Common\Model\ManagerMenuModel.class.php 第 179 行.
NOTIC: [8] Undefined index: side E:\platform\weiphp\Application\Common\Model\ManagerMenuModel.class.php 第 179 行.
NOTIC: [8] Undefined index: side E:\platform\weiphp\Application\Common\Model\ManagerMenuModel.class.php 第 179 行.
NOTIC: [8] Undefined index: side E:\platform\weiphp\Application\Common\Model\ManagerMenuModel.class.php 第 179 行.
NOTIC: [8] Undefined index: side E:\platform\weiphp\Application\Common\Model\ManagerMenuModel.class.php 第 179 行.
NOTIC: [8] Undefined index: side E:\platform\weiphp\Application\Common\Model\ManagerMenuModel.class.php 第 179 行.
NOTIC: [8] Undefined index: side E:\platform\weiphp\Application\Common\Model\ManagerMenuModel.class.php 第 179 行.
NOTIC: [8] Undefined index: side E:\platform\weiphp\Application\Common\Model\ManagerMenuModel.class.php 第 179 行.
NOTIC: [8] Undefined index: side E:\platform\weiphp\Application\Common\Model\ManagerMenuModel.class.php 第 179 行.
NOTIC: [8] Undefined index: side E:\platform\weiphp\Application\Common\Model\ManagerMenuModel.class.php 第 179 行.
NOTIC: [8] Undefined offset: 14 E:\platform\weiphp\Application\Common\Model\ManagerMenuModel.class.php 第 185 行.
SQL: SELECT * FROM `wp_public_link` WHERE `uid` = 0  [ RunTime:0.0010s ]
NOTIC: [2] Invalid argument supplied for foreach() E:\platform\weiphp\Application\Common\Model\PublicModel.class.php 第 48 行.
NOTIC: [8] Undefined variable: res E:\platform\weiphp\Application\Common\Model\PublicModel.class.php 第 52 行.

[ 2017-05-09T15:59:06+08:00 ] 127.0.0.1 /index.php?s=/Home/User/login/from/1.html
INFO: [ app_init ] --START--
INFO: Run Behavior\BuildLiteBehavior [ RunTime:0.001000s ]
INFO: Run Common\Behavior\InitHookBehavior [ RunTime:0.004000s ]
INFO: [ app_init ] --END-- [ RunTime:0.005000s ]
INFO: [ app_begin ] --START--
INFO: Run Behavior\ReadHtmlCacheBehavior [ RunTime:0.001000s ]
INFO: [ app_begin ] --END-- [ RunTime:0.002000s ]
NOTIC: [8] Undefined index: uid E:\platform\weiphp\ThinkPHP\Library\Think\Controller.class.php 第 524 行.
SQL: SHOW COLUMNS FROM `wp_auth_group_access` [ RunTime:0.0020s ]
SQL: SELECT a.uid,a.group_id,g.title,g.rules FROM wp_auth_group_access a INNER JOIN wp_auth_group g on a.group_id=g.id  WHERE ( a.uid='-60' and g.status='1' )  [ RunTime:0.0000s ]
SQL: SELECT `id`,`token` FROM `wp_public`  [ RunTime:0.0000s ]
NOTIC: [8] Undefined offset: -1 E:\platform\weiphp\Application\Common\Model\PublicModel.class.php 第 38 行.
NOTIC: [8] Undefined index: addon_status E:\platform\weiphp\Application\Common\Model\AddonStatusModel.class.php 第 47 行.
NOTIC: [8] Undefined index: group_id E:\platform\weiphp\Application\Common\Model\AddonStatusModel.class.php 第 50 行.
NOTIC: [8] Undefined variable: addons E:\platform\weiphp\Application\Common\Common\function.php 第 501 行.
NOTIC: [8] Undefined variable: addons E:\platform\weiphp\Application\Common\Common\function.php 第 501 行.
NOTIC: [8] Undefined variable: addons E:\platform\weiphp\Application\Common\Common\function.php 第 501 行.
NOTIC: [8] Undefined variable: addons E:\platform\weiphp\Application\Common\Common\function.php 第 501 行.
NOTIC: [8] Undefined variable: addons E:\platform\weiphp\Application\Common\Common\function.php 第 501 行.
NOTIC: [8] Undefined variable: addons E:\platform\weiphp\Application\Common\Common\function.php 第 501 行.
NOTIC: [8] Undefined variable: addons E:\platform\weiphp\Application\Common\Common\function.php 第 501 行.
NOTIC: [8] Undefined variable: addons E:\platform\weiphp\Application\Common\Common\function.php 第 501 行.
NOTIC: [8] Undefined variable: addons E:\platform\weiphp\Application\Common\Common\function.php 第 501 行.
NOTIC: [8] Undefined variable: addons E:\platform\weiphp\Application\Common\Common\function.php 第 501 行.
NOTIC: [8] Undefined variable: addons E:\platform\weiphp\Application\Common\Common\function.php 第 501 行.
NOTIC: [8] Undefined variable: addons E:\platform\weiphp\Application\Common\Common\function.php 第 501 行.
NOTIC: [8] Undefined variable: addons E:\platform\weiphp\Application\Common\Common\function.php 第 501 行.
NOTIC: [8] Undefined variable: addons E:\platform\weiphp\Application\Common\Common\function.php 第 501 行.
NOTIC: [8] Undefined variable: addons E:\platform\weiphp\Application\Common\Common\function.php 第 501 行.
NOTIC: [8] Undefined variable: addons E:\platform\weiphp\Application\Common\Common\function.php 第 501 行.
NOTIC: [8] Undefined variable: addons E:\platform\weiphp\Application\Common\Common\function.php 第 501 行.
NOTIC: [8] Undefined variable: addons E:\platform\weiphp\Application\Common\Common\function.php 第 501 行.
NOTIC: [8] Undefined variable: addons E:\platform\weiphp\Application\Common\Common\function.php 第 501 行.
NOTIC: [8] Undefined variable: addons E:\platform\weiphp\Application\Common\Common\function.php 第 501 行.
NOTIC: [8] Undefined variable: addons E:\platform\weiphp\Application\Common\Common\function.php 第 501 行.
NOTIC: [8] Undefined variable: addons E:\platform\weiphp\Application\Common\Common\function.php 第 501 行.
NOTIC: [8] Undefined variable: addons E:\platform\weiphp\Application\Common\Common\function.php 第 501 行.
NOTIC: [8] Undefined variable: addons E:\platform\weiphp\Application\Common\Common\function.php 第 501 行.
NOTIC: [8] Undefined variable: addons E:\platform\weiphp\Application\Common\Common\function.php 第 501 行.
NOTIC: [8] Undefined variable: addons E:\platform\weiphp\Application\Common\Common\function.php 第 501 行.
NOTIC: [8] Undefined variable: addons E:\platform\weiphp\Application\Common\Common\function.php 第 501 行.
NOTIC: [8] Undefined variable: addons E:\platform\weiphp\Application\Common\Common\function.php 第 501 行.
NOTIC: [8] Undefined variable: addons E:\platform\weiphp\Application\Common\Common\function.php 第 501 行.
NOTIC: [8] Undefined variable: addons E:\platform\weiphp\Application\Common\Common\function.php 第 501 行.
NOTIC: [8] Undefined variable: addons E:\platform\weiphp\Application\Common\Common\function.php 第 501 行.
NOTIC: [8] Undefined variable: addons E:\platform\weiphp\Application\Common\Common\function.php 第 501 行.
NOTIC: [8] Undefined variable: addons E:\platform\weiphp\Application\Common\Common\function.php 第 501 行.
NOTIC: [8] Undefined variable: addons E:\platform\weiphp\Application\Common\Common\function.php 第 501 行.
NOTIC: [8] Undefined variable: addons E:\platform\weiphp\Application\Common\Common\function.php 第 501 行.
NOTIC: [8] Undefined variable: addons E:\platform\weiphp\Application\Common\Common\function.php 第 501 行.
NOTIC: [8] Undefined variable: addons E:\platform\weiphp\Application\Common\Common\function.php 第 501 行.
SQL: SELECT * FROM `wp_manager_menu` WHERE `uid` = -60 AND `is_hide` = 0 ORDER BY sort asc, id asc  [ RunTime:0.0000s ]
SQL: SELECT * FROM `wp_manager_menu` WHERE `uid` = 1 AND `is_hide` = 0 ORDER BY sort asc, id asc  [ RunTime:0.0010s ]
NOTIC: [8] Undefined variable: addons E:\platform\weiphp\Application\Common\Common\function.php 第 501 行.
NOTIC: [8] Undefined variable: addons E:\platform\weiphp\Application\Common\Common\function.php 第 501 行.
NOTIC: [8] Undefined variable: addons E:\platform\weiphp\Application\Common\Common\function.php 第 501 行.
NOTIC: [8] Undefined variable: addons E:\platform\weiphp\Application\Common\Common\function.php 第 501 行.
NOTIC: [8] Undefined variable: addons E:\platform\weiphp\Application\Common\Common\function.php 第 501 行.
NOTIC: [8] Undefined variable: addons E:\platform\weiphp\Application\Common\Common\function.php 第 501 行.
NOTIC: [8] Undefined variable: addons E:\platform\weiphp\Application\Common\Common\function.php 第 501 行.
NOTIC: [8] Undefined variable: addons E:\platform\weiphp\Application\Common\Common\function.php 第 501 行.
NOTIC: [8] Undefined variable: addons E:\platform\weiphp\Application\Common\Common\function.php 第 501 行.
NOTIC: [8] Undefined offset: 14 E:\platform\weiphp\Application\Common\Model\ManagerMenuModel.class.php 第 106 行.
NOTIC: [8] Undefined offset: 14 E:\platform\weiphp\Application\Common\Model\ManagerMenuModel.class.php 第 116 行.
NOTIC: [8] Undefined offset: 60 E:\platform\weiphp\Application\Common\Model\ManagerMenuModel.class.php 第 106 行.
NOTIC: [8] Undefined offset: 60 E:\platform\weiphp\Application\Common\Model\ManagerMenuModel.class.php 第 116 行.
NOTIC: [8] Undefined index: HTTP_REFERER E:\platform\weiphp\Application\Common\Model\ManagerMenuModel.class.php 第 139 行.
NOTIC: [8] Undefined index: side E:\platform\weiphp\Application\Common\Model\ManagerMenuModel.class.php 第 179 行.
NOTIC: [8] Undefined index: side E:\platform\weiphp\Application\Common\Model\ManagerMenuModel.class.php 第 179 行.
NOTIC: [8] Undefined index: side E:\platform\weiphp\Application\Common\Model\ManagerMenuModel.class.php 第 179 行.
NOTIC: [8] Undefined index: side E:\platform\weiphp\Application\Common\Model\ManagerMenuModel.class.php 第 179 行.
NOTIC: [8] Undefined index: side E:\platform\weiphp\Application\Common\Model\ManagerMenuModel.class.php 第 179 行.
NOTIC: [8] Undefined index: side E:\platform\weiphp\Application\Common\Model\ManagerMenuModel.class.php 第 179 行.
NOTIC: [8] Undefined index: side E:\platform\weiphp\Application\Common\Model\ManagerMenuModel.class.php 第 179 行.
NOTIC: [8] Undefined index: side E:\platform\weiphp\Application\Common\Model\ManagerMenuModel.class.php 第 179 行.
NOTIC: [8] Undefined index: side E:\platform\weiphp\Application\Common\Model\ManagerMenuModel.class.php 第 179 行.
NOTIC: [8] Undefined index: side E:\platform\weiphp\Application\Common\Model\ManagerMenuModel.class.php 第 179 行.
NOTIC: [8] Undefined index: side E:\platform\weiphp\Application\Common\Model\ManagerMenuModel.class.php 第 179 行.
NOTIC: [8] Undefined index: side E:\platform\weiphp\Application\Common\Model\ManagerMenuModel.class.php 第 179 行.
NOTIC: [8] Undefined index: side E:\platform\weiphp\Application\Common\Model\ManagerMenuModel.class.php 第 179 行.
NOTIC: [8] Undefined index: side E:\platform\weiphp\Application\Common\Model\ManagerMenuModel.class.php 第 179 行.
NOTIC: [8] Undefined index: side E:\platform\weiphp\Application\Common\Model\ManagerMenuModel.class.php 第 179 行.
NOTIC: [8] Undefined index: side E:\platform\weiphp\Application\Common\Model\ManagerMenuModel.class.php 第 179 行.
NOTIC: [8] Undefined index: side E:\platform\weiphp\Application\Common\Model\ManagerMenuModel.class.php 第 179 行.
NOTIC: [8] Undefined index: side E:\platform\weiphp\Application\Common\Model\ManagerMenuModel.class.php 第 179 行.
NOTIC: [8] Undefined index: side E:\platform\weiphp\Application\Common\Model\ManagerMenuModel.class.php 第 179 行.
NOTIC: [8] Undefined index: side E:\platform\weiphp\Application\Common\Model\ManagerMenuModel.class.php 第 179 行.
NOTIC: [8] Undefined index: side E:\platform\weiphp\Application\Common\Model\ManagerMenuModel.class.php 第 179 行.
NOTIC: [8] Undefined index: side E:\platform\weiphp\Application\Common\Model\ManagerMenuModel.class.php 第 179 行.
NOTIC: [8] Undefined index: side E:\platform\weiphp\Application\Common\Model\ManagerMenuModel.class.php 第 179 行.
NOTIC: [8] Undefined index: side E:\platform\weiphp\Application\Common\Model\ManagerMenuModel.class.php 第 179 行.
NOTIC: [8] Undefined index: side E:\platform\weiphp\Application\Common\Model\ManagerMenuModel.class.php 第 179 行.
NOTIC: [8] Undefined index: side E:\platform\weiphp\Application\Common\Model\ManagerMenuModel.class.php 第 179 行.
NOTIC: [8] Undefined index: side E:\platform\weiphp\Application\Common\Model\ManagerMenuModel.class.php 第 179 行.
NOTIC: [8] Undefined index: side E:\platform\weiphp\Application\Common\Model\ManagerMenuModel.class.php 第 179 行.
NOTIC: [8] Undefined index: side E:\platform\weiphp\Application\Common\Model\ManagerMenuModel.class.php 第 179 行.
NOTIC: [8] Undefined index: side E:\platform\weiphp\Application\Common\Model\ManagerMenuModel.class.php 第 179 行.
NOTIC: [8] Undefined index: side E:\platform\weiphp\Application\Common\Model\ManagerMenuModel.class.php 第 179 行.
NOTIC: [8] Undefined index: side E:\platform\weiphp\Application\Common\Model\ManagerMenuModel.class.php 第 179 行.
NOTIC: [8] Undefined index: side E:\platform\weiphp\Application\Common\Model\ManagerMenuModel.class.php 第 179 行.
NOTIC: [8] Undefined index: side E:\platform\weiphp\Application\Common\Model\ManagerMenuModel.class.php 第 179 行.
NOTIC: [8] Undefined index: side E:\platform\weiphp\Application\Common\Model\ManagerMenuModel.class.php 第 179 行.
NOTIC: [8] Undefined index: side E:\platform\weiphp\Application\Common\Model\ManagerMenuModel.class.php 第 179 行.
NOTIC: [8] Undefined index: side E:\platform\weiphp\Application\Common\Model\ManagerMenuModel.class.php 第 179 行.
NOTIC: [8] Undefined index: side E:\platform\weiphp\Application\Common\Model\ManagerMenuModel.class.php 第 179 行.
NOTIC: [8] Undefined index: side E:\platform\weiphp\Application\Common\Model\ManagerMenuModel.class.php 第 179 行.
NOTIC: [8] Undefined index: side E:\platform\weiphp\Application\Common\Model\ManagerMenuModel.class.php 第 179 行.
NOTIC: [8] Undefined offset: 14 E:\platform\weiphp\Application\Common\Model\ManagerMenuModel.class.php 第 185 行.
SQL: SELECT * FROM `wp_public_link` WHERE `uid` = -60  [ RunTime:0.0000s ]
NOTIC: [2] Invalid argument supplied for foreach() E:\platform\weiphp\Application\Common\Model\PublicModel.class.php 第 48 行.
NOTIC: [8] Undefined variable: res E:\platform\weiphp\Application\Common\Model\PublicModel.class.php 第 52 行.
SQL: SELECT `id`,`qr_code`,`addon`,`aim_id`,`cTime`,`token`,`action_name`,`extra_text`,`extra_int`,`request_count`,`scene_id`,`expire_seconds` FROM `wp_qr_code` WHERE `addon` = 'ScanLogin' AND `extra_text` = '591176ca04010' LIMIT 1   [ RunTime:0.0120s ]
SQL: SELECT `id`,`token` FROM `wp_public`  [ RunTime:0.0000s ]
NOTIC: [8] Undefined offset: -1 E:\platform\weiphp\Application\Common\Model\PublicModel.class.php 第 38 行.
NOTIC: [8] Undefined index: appid E:\platform\weiphp\Application\Home\Model\QrCodeModel.class.php 第 30 行.
NOTIC: [8] Undefined index: secret E:\platform\weiphp\Application\Home\Model\QrCodeModel.class.php 第 31 行.
SQL: SELECT `id`,`token` FROM `wp_public`  [ RunTime:0.0000s ]
NOTIC: [8] Undefined offset: -1 E:\platform\weiphp\Application\Common\Model\PublicModel.class.php 第 38 行.
NOTIC: [8] Undefined index: is_bind E:\platform\weiphp\Application\Common\Common\function.php 第 1586 行.
NOTIC: [8] Undefined index: appid E:\platform\weiphp\Application\Common\Common\function.php 第 1589 行.
NOTIC: [8] Undefined index: secret E:\platform\weiphp\Application\Common\Common\function.php 第 1589 行.
INFO: [ view_parse ] --START--
INFO: [ template_filter ] --START--
INFO: Run Behavior\ContentReplaceBehavior [ RunTime:0.000000s ]
INFO: [ template_filter ] --END-- [ RunTime:0.001000s ]
INFO: Run Behavior\ParseTemplateBehavior [ RunTime:0.041000s ]
INFO: [ view_parse ] --END-- [ RunTime:0.043000s ]
INFO: [ view_filter ] --START--
INFO: Run Behavior\WriteHtmlCacheBehavior [ RunTime:0.000000s ]
INFO: [ view_filter ] --END-- [ RunTime:0.001000s ]
INFO: [ app_end ] --START--
INFO: Run Behavior\ShowPageTraceBehavior [ RunTime:0.001000s ]
INFO: Run Behavior\CronRunBehavior [ RunTime:0.002000s ]
INFO: [ app_end ] --END-- [ RunTime:0.003000s ]

